<?xml version="1.0" encoding="UTF-8"?>
<!-- Generated by org.testng.reporters.JUnitReportReporter -->
<testsuite hostname="ICEN557" failures="0" tests="1" name="test.UIAutomationDemo.demo1.FormFill" time="16.753" errors="0" timestamp="2023-08-02T11:07:07 IST" skipped="0">
  <testcase classname="test.UIAutomationDemo.demo1.FormFill" name="testFormFill" time="16.753"/>
</testsuite> <!-- test.UIAutomationDemo.demo1.FormFill -->
